<?xml version="1.0" encoding="UTF-8"?>
<testsuite xmlns:xsi="http://www.w3.org/2001/XMLSchema-instance" xsi:noNamespaceSchemaLocation="https://maven.apache.org/surefire/maven-surefire-plugin/xsd/surefire-test-report-3.0.xsd" version="3.0" name="com.cgvsu.io.ObjSaverTest" time="0.286" tests="10" errors="0" skipped="0" failures="0">
  <properties>
[...]
</properties>
  <testcase name="testModelValidation" classname="com.cgvsu.io.ObjSaverTest" time="0.11"/>
  <testcase name="testSaveWithComments" classname="com.cgvsu.io.ObjSaverTest" time="0.043"/>
  <testcase name="testFloatPrecision" classname="com.cgvsu.io.ObjSaverTest" time="0.006"/>
  <testcase name="testSaveSimpleModel" classname="com.cgvsu.io.ObjSaverTest" time="0.007"/>
  <testcase name="testSaveWithNormals" classname="com.cgvsu.io.ObjSaverTest" time="0.007"/>
  <testcase name="testRoundTrip" classname="com.cgvsu.io.ObjSaverTest" time="0.02"/>
  <testcase name="testSaveWithoutComments" classname="com.cgvsu.io.ObjSaverTest" time="0.004"/>
  <testcase name="testSupportsExtension" classname="com.cgvsu.io.ObjSaverTest" time="0.004"/>
  <testcase name="testSaveWithTextureCoords" classname="com.cgvsu.io.ObjSaverTest" time="0.007"/>
  <testcase name="testGetSupportedExtensions" classname="com.cgvsu.io.ObjSaverTest" time="0.005"/>
</testsuite>